Using pre-set license
Built from '2020.2/release' branch; Version is '2020.2.1f1 (270dd8c3da1c) revision 2559448'; Using compiler version '192528614'; Build Type 'Release'
OS: 'Windows 10  (10.0.0) 64bit' Language: 'en' Physical Memory: 16302 MB
BatchMode: 1, IsHumanControllingUs: 0, StartBugReporterOnCrash: 0, Is64bit: 1, IsPro: 0

 COMMAND LINE ARGUMENTS:
C:\Program Files\Unity\Hub\Editor\2020.2.1f1\Editor\Unity.exe
-adb2
-batchMode
-noUpm
-name
AssetImportWorker0
-projectPath
D:/GameDevelopment/Project Aeternum
-logFile
Logs/AssetImportWorker0.log
-srvPort
57889
Successfully changed project path to: D:/GameDevelopment/Project Aeternum
D:/GameDevelopment/Project Aeternum
Using Asset Import Pipeline V2.
Refreshing native plugins compatible for Editor in 64.11 ms, found 1 plugins.
Preloading 0 native plugins for Editor in 0.00 ms.
Initialize engine version: 2020.2.1f1 (270dd8c3da1c)
[Subsystems] Discovering subsystems at path C:/Program Files/Unity/Hub/Editor/2020.2.1f1/Editor/Data/Resources/UnitySubsystems
[Subsystems] Discovering subsystems at path D:/GameDevelopment/Project Aeternum/Assets
GfxDevice: creating device client; threaded=0
Direct3D:
    Version:  Direct3D 11.0 [level 11.0]
    Renderer: NVIDIA GeForce GTX 870M (ID=0x1199)
    Vendor:   
    VRAM:     3029 MB
    Driver:   25.21.14.2531
Initialize mono
Mono path[0] = 'C:/Program Files/Unity/Hub/Editor/2020.2.1f1/Editor/Data/Managed'
Mono path[1] = 'C:/Program Files/Unity/Hub/Editor/2020.2.1f1/Editor/Data/MonoBleedingEdge/lib/mono/unityjit'
Mono config path = 'C:/Program Files/Unity/Hub/Editor/2020.2.1f1/Editor/Data/MonoBleedingEdge/etc'
Using monoOptions --debugger-agent=transport=dt_socket,embedding=1,server=y,suspend=n,address=127.0.0.1:56180
Begin MonoManager ReloadAssembly
Registering precompiled unity dll's ...
Register platform support module: C:/Program Files/Unity/Hub/Editor/2020.2.1f1/Editor/Data/PlaybackEngines/WebGLSupport/UnityEditor.WebGL.Extensions.dll
Register platform support module: C:/Program Files/Unity/Hub/Editor/2020.2.1f1/Editor/Data/PlaybackEngines/WindowsStandaloneSupport/UnityEditor.WindowsStandalone.Extensions.dll
Registered in 0.002950 seconds.
Native extension for WindowsStandalone target not found
Native extension for WebGL target not found
Refreshing native plugins compatible for Editor in 71.74 ms, found 1 plugins.
Preloading 0 native plugins for Editor in 0.00 ms.
Invoked RoslynAnalysisRunner static constructor.
RoslynAnalysisRunner will not be running.
RoslynAnalysisRunner has terminated.
Mono: successfully reloaded assembly
- Completed reload, in  3.224 seconds
Platform modules already initialized, skipping
Registering precompiled user dll's ...
Registered in 0.001215 seconds.
Begin MonoManager ReloadAssembly
Native extension for WindowsStandalone target not found
Native extension for WebGL target not found
Refreshing native plugins compatible for Editor in 78.16 ms, found 1 plugins.
Preloading 0 native plugins for Editor in 0.00 ms.
Invoked RoslynAnalysisRunner static constructor.
RoslynAnalysisRunner will not be running.
RoslynAnalysisRunner has terminated.
Mono: successfully reloaded assembly
- Completed reload, in  2.094 seconds
Platform modules already initialized, skipping
========================================================================
Worker process is ready to serve import requests
Launched and connected shader compiler UnityShaderCompiler.exe after 0.04 seconds
Refreshing native plugins compatible for Editor in 0.56 ms, found 1 plugins.
Preloading 0 native plugins for Editor in 0.00 ms.
Unloading 1793 Unused Serialized files (Serialized files now loaded: 0)
System memory in use before: 83.8 MB.
System memory in use after: 83.8 MB.

Unloading 24 unused Assets to reduce memory usage. Loaded Objects now: 2234.
Total: 3.395600 ms (FindLiveObjects: 0.236000 ms CreateObjectMapping: 0.120000 ms MarkObjects: 2.836500 ms  DeleteObjects: 0.201000 ms)

========================================================================
Received Import Request.
  path: Assets/Scripts/UniverseManager.cs
  artifactKey: Guid(d2f3f2cd6c258ab459dbb2daacec3ce3) Importer(815301076,1909f56bfc062723c751e8b465ee728b)
Start importing Assets/Scripts/UniverseManager.cs using Guid(d2f3f2cd6c258ab459dbb2daacec3ce3) Importer(815301076,1909f56bfc062723c751e8b465ee728b)  -> (artifact id: '24868f218862bc9c5c1ffea900205245') in 0.044797 seconds
  Import took 0.050528 seconds .

========================================================================
Received Prepare
Registering precompiled user dll's ...
Registered in 0.002050 seconds.
Begin MonoManager ReloadAssembly
Native extension for WindowsStandalone target not found
Native extension for WebGL target not found
Refreshing native plugins compatible for Editor in 0.92 ms, found 1 plugins.
Preloading 0 native plugins for Editor in 0.00 ms.
Invoked RoslynAnalysisRunner static constructor.
RoslynAnalysisRunner will not be running.
RoslynAnalysisRunner has terminated.
Mono: successfully reloaded assembly
- Completed reload, in  2.087 seconds
Platform modules already initialized, skipping
Refreshing native plugins compatible for Editor in 0.58 ms, found 1 plugins.
Preloading 0 native plugins for Editor in 0.00 ms.
Unloading 1793 Unused Serialized files (Serialized files now loaded: 0)
System memory in use before: 84.0 MB.
System memory in use after: 84.0 MB.

Unloading 12 unused Assets to reduce memory usage. Loaded Objects now: 2242.
Total: 4.379300 ms (FindLiveObjects: 0.712300 ms CreateObjectMapping: 0.324100 ms MarkObjects: 3.171200 ms  DeleteObjects: 0.168100 ms)

========================================================================
Received Prepare
Registering precompiled user dll's ...
Registered in 0.001091 seconds.
Begin MonoManager ReloadAssembly
Native extension for WindowsStandalone target not found
Native extension for WebGL target not found
Refreshing native plugins compatible for Editor in 0.93 ms, found 1 plugins.
Preloading 0 native plugins for Editor in 0.00 ms.
Invoked RoslynAnalysisRunner static constructor.
RoslynAnalysisRunner will not be running.
RoslynAnalysisRunner has terminated.
Mono: successfully reloaded assembly
- Completed reload, in  1.825 seconds
Platform modules already initialized, skipping
Refreshing native plugins compatible for Editor in 0.68 ms, found 1 plugins.
Preloading 0 native plugins for Editor in 0.00 ms.
Unloading 1793 Unused Serialized files (Serialized files now loaded: 0)
System memory in use before: 84.1 MB.
System memory in use after: 84.1 MB.

Unloading 12 unused Assets to reduce memory usage. Loaded Objects now: 2245.
Total: 4.182100 ms (FindLiveObjects: 0.459800 ms CreateObjectMapping: 0.229900 ms MarkObjects: 3.333200 ms  DeleteObjects: 0.157400 ms)

========================================================================
Received Prepare
Registering precompiled user dll's ...
Registered in 0.001750 seconds.
Begin MonoManager ReloadAssembly
Native extension for WindowsStandalone target not found
Native extension for WebGL target not found
Refreshing native plugins compatible for Editor in 0.98 ms, found 1 plugins.
Preloading 0 native plugins for Editor in 0.00 ms.
Invoked RoslynAnalysisRunner static constructor.
RoslynAnalysisRunner will not be running.
RoslynAnalysisRunner has terminated.
Mono: successfully reloaded assembly
- Completed reload, in  2.740 seconds
Platform modules already initialized, skipping
Refreshing native plugins compatible for Editor in 0.95 ms, found 1 plugins.
Preloading 0 native plugins for Editor in 0.00 ms.
Unloading 1793 Unused Serialized files (Serialized files now loaded: 0)
System memory in use before: 84.2 MB.
System memory in use after: 84.2 MB.

Unloading 12 unused Assets to reduce memory usage. Loaded Objects now: 2248.
Total: 5.347600 ms (FindLiveObjects: 0.578500 ms CreateObjectMapping: 0.186700 ms MarkObjects: 4.338800 ms  DeleteObjects: 0.240500 ms)

========================================================================
Received Prepare
Registering precompiled user dll's ...
Registered in 0.001007 seconds.
Begin MonoManager ReloadAssembly
Native extension for WindowsStandalone target not found
Native extension for WebGL target not found
Refreshing native plugins compatible for Editor in 0.69 ms, found 1 plugins.
Preloading 0 native plugins for Editor in 0.00 ms.
Invoked RoslynAnalysisRunner static constructor.
RoslynAnalysisRunner will not be running.
RoslynAnalysisRunner has terminated.
Mono: successfully reloaded assembly
- Completed reload, in  1.859 seconds
Platform modules already initialized, skipping
Refreshing native plugins compatible for Editor in 0.74 ms, found 1 plugins.
Preloading 0 native plugins for Editor in 0.00 ms.
Unloading 1793 Unused Serialized files (Serialized files now loaded: 0)
System memory in use before: 84.3 MB.
System memory in use after: 84.3 MB.

Unloading 12 unused Assets to reduce memory usage. Loaded Objects now: 2251.
Total: 4.247800 ms (FindLiveObjects: 0.296800 ms CreateObjectMapping: 0.114800 ms MarkObjects: 3.619000 ms  DeleteObjects: 0.214600 ms)

========================================================================
Received Prepare
Registering precompiled user dll's ...
Registered in 0.001690 seconds.
Begin MonoManager ReloadAssembly
Native extension for WindowsStandalone target not found
Native extension for WebGL target not found
Refreshing native plugins compatible for Editor in 1.09 ms, found 1 plugins.
Preloading 0 native plugins for Editor in 0.00 ms.
Invoked RoslynAnalysisRunner static constructor.
RoslynAnalysisRunner will not be running.
RoslynAnalysisRunner has terminated.
Mono: successfully reloaded assembly
- Completed reload, in  2.130 seconds
Platform modules already initialized, skipping
Refreshing native plugins compatible for Editor in 1.03 ms, found 1 plugins.
Preloading 0 native plugins for Editor in 0.00 ms.
Unloading 1793 Unused Serialized files (Serialized files now loaded: 0)
System memory in use before: 84.4 MB.
System memory in use after: 84.4 MB.

Unloading 12 unused Assets to reduce memory usage. Loaded Objects now: 2254.
Total: 3.491300 ms (FindLiveObjects: 0.374900 ms CreateObjectMapping: 0.133000 ms MarkObjects: 2.822100 ms  DeleteObjects: 0.159000 ms)

========================================================================
Received Import Request.
  Time since last request: 4944.146327 seconds.
  path: Assets/star1.prefab
  artifactKey: Guid(235a56f21a325eb4588554a2e7992fa3) Importer(815301076,1909f56bfc062723c751e8b465ee728b)
Start importing Assets/star1.prefab using Guid(235a56f21a325eb4588554a2e7992fa3) Importer(815301076,1909f56bfc062723c751e8b465ee728b)  -> (artifact id: 'e1d52006d24a76f1f44cef57954c0907') in 0.218484 seconds
  Import took 0.226275 seconds .

========================================================================
Received Import Request.
  Time since last request: 4.788775 seconds.
  path: Assets/star1.prefab
  artifactKey: Guid(235a56f21a325eb4588554a2e7992fa3) Importer(815301076,1909f56bfc062723c751e8b465ee728b)
Start importing Assets/star1.prefab using Guid(235a56f21a325eb4588554a2e7992fa3) Importer(815301076,1909f56bfc062723c751e8b465ee728b)  -> (artifact id: 'd388ffd89de6c1d2b67fd0ce808054ba') in 0.017512 seconds
  Import took 0.024167 seconds .

========================================================================
Received Import Request.
  Time since last request: 0.958501 seconds.
  path: Assets/star1.prefab
  artifactKey: Guid(235a56f21a325eb4588554a2e7992fa3) Importer(815301076,1909f56bfc062723c751e8b465ee728b)
Start importing Assets/star1.prefab using Guid(235a56f21a325eb4588554a2e7992fa3) Importer(815301076,1909f56bfc062723c751e8b465ee728b)  -> (artifact id: '145cf65a1440e2d6b79632af6883b0f3') in 0.015466 seconds
  Import took 0.022601 seconds .

========================================================================
Received Import Request.
  Time since last request: 92.259004 seconds.
  path: Assets/Graphics/Stars/Prefabs/Star1.prefab
  artifactKey: Guid(235a56f21a325eb4588554a2e7992fa3) Importer(815301076,1909f56bfc062723c751e8b465ee728b)
Start importing Assets/Graphics/Stars/Prefabs/Star1.prefab using Guid(235a56f21a325eb4588554a2e7992fa3) Importer(815301076,1909f56bfc062723c751e8b465ee728b)  -> (artifact id: '849d63537b39b513a33342306f839d48') in 0.030656 seconds
  Import took 0.054258 seconds .

========================================================================
Received Prepare
Registering precompiled user dll's ...
Registered in 0.001171 seconds.
Begin MonoManager ReloadAssembly
Native extension for WindowsStandalone target not found
Native extension for WebGL target not found
Refreshing native plugins compatible for Editor in 0.57 ms, found 1 plugins.
Preloading 0 native plugins for Editor in 0.00 ms.
Invoked RoslynAnalysisRunner static constructor.
RoslynAnalysisRunner will not be running.
RoslynAnalysisRunner has terminated.
Mono: successfully reloaded assembly
- Completed reload, in  1.857 seconds
Platform modules already initialized, skipping
Refreshing native plugins compatible for Editor in 0.55 ms, found 1 plugins.
Preloading 0 native plugins for Editor in 0.00 ms.
Unloading 1793 Unused Serialized files (Serialized files now loaded: 0)
System memory in use before: 87.6 MB.
System memory in use after: 87.6 MB.

Unloading 12 unused Assets to reduce memory usage. Loaded Objects now: 2264.
Total: 5.363400 ms (FindLiveObjects: 0.443900 ms CreateObjectMapping: 0.168900 ms MarkObjects: 4.521400 ms  DeleteObjects: 0.225700 ms)

========================================================================
Received Prepare
Registering precompiled user dll's ...
Registered in 0.001917 seconds.
Begin MonoManager ReloadAssembly
Native extension for WindowsStandalone target not found
Native extension for WebGL target not found
Refreshing native plugins compatible for Editor in 1.68 ms, found 1 plugins.
Preloading 0 native plugins for Editor in 0.00 ms.
Invoked RoslynAnalysisRunner static constructor.
RoslynAnalysisRunner will not be running.
RoslynAnalysisRunner has terminated.
Mono: successfully reloaded assembly
- Completed reload, in  2.049 seconds
Platform modules already initialized, skipping
Refreshing native plugins compatible for Editor in 0.54 ms, found 1 plugins.
Preloading 0 native plugins for Editor in 0.00 ms.
Unloading 1793 Unused Serialized files (Serialized files now loaded: 0)
System memory in use before: 87.7 MB.
System memory in use after: 87.7 MB.

Unloading 12 unused Assets to reduce memory usage. Loaded Objects now: 2267.
Total: 3.397000 ms (FindLiveObjects: 0.337900 ms CreateObjectMapping: 0.108300 ms MarkObjects: 2.782600 ms  DeleteObjects: 0.164500 ms)

========================================================================
Received Prepare
Registering precompiled user dll's ...
Registered in 0.001739 seconds.
Begin MonoManager ReloadAssembly
Native extension for WindowsStandalone target not found
Native extension for WebGL target not found
Refreshing native plugins compatible for Editor in 0.56 ms, found 1 plugins.
Preloading 0 native plugins for Editor in 0.00 ms.
Invoked RoslynAnalysisRunner static constructor.
RoslynAnalysisRunner will not be running.
RoslynAnalysisRunner has terminated.
Mono: successfully reloaded assembly
- Completed reload, in  1.802 seconds
Platform modules already initialized, skipping
Refreshing native plugins compatible for Editor in 1.00 ms, found 1 plugins.
Preloading 0 native plugins for Editor in 0.00 ms.
Unloading 1793 Unused Serialized files (Serialized files now loaded: 0)
System memory in use before: 87.8 MB.
System memory in use after: 87.8 MB.

Unloading 12 unused Assets to reduce memory usage. Loaded Objects now: 2270.
Total: 5.659800 ms (FindLiveObjects: 0.430300 ms CreateObjectMapping: 0.329900 ms MarkObjects: 4.576200 ms  DeleteObjects: 0.321200 ms)

========================================================================
Received Prepare
Registering precompiled user dll's ...
Registered in 0.001850 seconds.
Begin MonoManager ReloadAssembly
Native extension for WindowsStandalone target not found
Native extension for WebGL target not found
Refreshing native plugins compatible for Editor in 0.64 ms, found 1 plugins.
Preloading 0 native plugins for Editor in 0.00 ms.
Invoked RoslynAnalysisRunner static constructor.
RoslynAnalysisRunner will not be running.
RoslynAnalysisRunner has terminated.
Mono: successfully reloaded assembly
- Completed reload, in  1.709 seconds
Platform modules already initialized, skipping
Refreshing native plugins compatible for Editor in 0.60 ms, found 1 plugins.
Preloading 0 native plugins for Editor in 0.00 ms.
Unloading 1793 Unused Serialized files (Serialized files now loaded: 0)
System memory in use before: 87.8 MB.
System memory in use after: 87.8 MB.

Unloading 12 unused Assets to reduce memory usage. Loaded Objects now: 2273.
Total: 12.865100 ms (FindLiveObjects: 0.811500 ms CreateObjectMapping: 0.553000 ms MarkObjects: 11.243100 ms  DeleteObjects: 0.253400 ms)

========================================================================
Received Prepare
Registering precompiled user dll's ...
Registered in 0.001060 seconds.
Begin MonoManager ReloadAssembly
Native extension for WindowsStandalone target not found
Native extension for WebGL target not found
Refreshing native plugins compatible for Editor in 0.90 ms, found 1 plugins.
Preloading 0 native plugins for Editor in 0.00 ms.
Invoked RoslynAnalysisRunner static constructor.
RoslynAnalysisRunner will not be running.
RoslynAnalysisRunner has terminated.
Mono: successfully reloaded assembly
- Completed reload, in  1.851 seconds
Platform modules already initialized, skipping
Refreshing native plugins compatible for Editor in 0.90 ms, found 1 plugins.
Preloading 0 native plugins for Editor in 0.00 ms.
Unloading 1793 Unused Serialized files (Serialized files now loaded: 0)
System memory in use before: 87.9 MB.
System memory in use after: 87.9 MB.

Unloading 12 unused Assets to reduce memory usage. Loaded Objects now: 2276.
Total: 4.563100 ms (FindLiveObjects: 0.297800 ms CreateObjectMapping: 0.103700 ms MarkObjects: 3.944200 ms  DeleteObjects: 0.214500 ms)

========================================================================
Received Prepare
Registering precompiled user dll's ...
Registered in 0.002018 seconds.
Begin MonoManager ReloadAssembly
Native extension for WindowsStandalone target not found
Native extension for WebGL target not found
Refreshing native plugins compatible for Editor in 0.67 ms, found 1 plugins.
Preloading 0 native plugins for Editor in 0.00 ms.
Invoked RoslynAnalysisRunner static constructor.
RoslynAnalysisRunner will not be running.
RoslynAnalysisRunner has terminated.
Mono: successfully reloaded assembly
- Completed reload, in  2.146 seconds
Platform modules already initialized, skipping
Refreshing native plugins compatible for Editor in 0.52 ms, found 1 plugins.
Preloading 0 native plugins for Editor in 0.00 ms.
Unloading 1793 Unused Serialized files (Serialized files now loaded: 0)
System memory in use before: 88.0 MB.
System memory in use after: 88.0 MB.

Unloading 12 unused Assets to reduce memory usage. Loaded Objects now: 2279.
Total: 4.675100 ms (FindLiveObjects: 0.413100 ms CreateObjectMapping: 0.239100 ms MarkObjects: 3.811100 ms  DeleteObjects: 0.208400 ms)

========================================================================
Received Prepare
Registering precompiled user dll's ...
Registered in 0.001095 seconds.
Begin MonoManager ReloadAssembly
Native extension for WindowsStandalone target not found
Native extension for WebGL target not found
Refreshing native plugins compatible for Editor in 0.99 ms, found 1 plugins.
Preloading 0 native plugins for Editor in 0.00 ms.
Invoked RoslynAnalysisRunner static constructor.
RoslynAnalysisRunner will not be running.
RoslynAnalysisRunner has terminated.
Mono: successfully reloaded assembly
- Completed reload, in  2.126 seconds
Platform modules already initialized, skipping
Refreshing native plugins compatible for Editor in 1.13 ms, found 1 plugins.
Preloading 0 native plugins for Editor in 0.00 ms.
Unloading 1793 Unused Serialized files (Serialized files now loaded: 0)
System memory in use before: 88.1 MB.
System memory in use after: 88.1 MB.

Unloading 12 unused Assets to reduce memory usage. Loaded Objects now: 2282.
Total: 4.404900 ms (FindLiveObjects: 0.342800 ms CreateObjectMapping: 0.107800 ms MarkObjects: 3.734800 ms  DeleteObjects: 0.216700 ms)

========================================================================
Received Prepare
Registering precompiled user dll's ...
Registered in 0.001655 seconds.
Begin MonoManager ReloadAssembly
Native extension for WindowsStandalone target not found
Native extension for WebGL target not found
Refreshing native plugins compatible for Editor in 1.14 ms, found 1 plugins.
Preloading 0 native plugins for Editor in 0.00 ms.
Invoked RoslynAnalysisRunner static constructor.
RoslynAnalysisRunner will not be running.
RoslynAnalysisRunner has terminated.
Mono: successfully reloaded assembly
- Completed reload, in  2.175 seconds
Platform modules already initialized, skipping
Refreshing native plugins compatible for Editor in 0.74 ms, found 1 plugins.
Preloading 0 native plugins for Editor in 0.00 ms.
Unloading 1793 Unused Serialized files (Serialized files now loaded: 0)
System memory in use before: 88.2 MB.
System memory in use after: 88.2 MB.

Unloading 12 unused Assets to reduce memory usage. Loaded Objects now: 2285.
Total: 5.516800 ms (FindLiveObjects: 0.438500 ms CreateObjectMapping: 0.130900 ms MarkObjects: 4.687300 ms  DeleteObjects: 0.256800 ms)

========================================================================
Received Import Request.
  Time since last request: 3265.631001 seconds.
  path: Assets/Graphics
  artifactKey: Guid(78ddc00d4ca8cde42b0cbcf7288b536b) Importer(815301076,1909f56bfc062723c751e8b465ee728b)
Start importing Assets/Graphics using Guid(78ddc00d4ca8cde42b0cbcf7288b536b) Importer(815301076,1909f56bfc062723c751e8b465ee728b)  -> (artifact id: 'fbf424eb863eea929aa73d915037ed13') in 0.010399 seconds
  Import took 0.018039 seconds .

========================================================================
Received Import Request.
  Time since last request: 0.627072 seconds.
  path: Assets/Graphics/Stars
  artifactKey: Guid(6675d238df9442e4cba91b000db5aff9) Importer(815301076,1909f56bfc062723c751e8b465ee728b)
Start importing Assets/Graphics/Stars using Guid(6675d238df9442e4cba91b000db5aff9) Importer(815301076,1909f56bfc062723c751e8b465ee728b)  -> (artifact id: '444e4a4b8fa993bcfe9ee59f51445711') in 0.002781 seconds
  Import took 0.011062 seconds .

========================================================================
Received Import Request.
  Time since last request: 1.534523 seconds.
  path: Assets/Graphics/Stars/Prefabs
  artifactKey: Guid(94650909a744db541a6952925ef5e99c) Importer(815301076,1909f56bfc062723c751e8b465ee728b)
Start importing Assets/Graphics/Stars/Prefabs using Guid(94650909a744db541a6952925ef5e99c) Importer(815301076,1909f56bfc062723c751e8b465ee728b)  -> (artifact id: '01fc5c9760112dd10db431e95cf4fb1c') in 0.002688 seconds
  Import took 0.009918 seconds .

========================================================================
Received Prepare
Registering precompiled user dll's ...
Registered in 0.001668 seconds.
Begin MonoManager ReloadAssembly
Native extension for WindowsStandalone target not found
Native extension for WebGL target not found
Refreshing native plugins compatible for Editor in 0.59 ms, found 1 plugins.
Preloading 0 native plugins for Editor in 0.00 ms.
Invoked RoslynAnalysisRunner static constructor.
RoslynAnalysisRunner will not be running.
RoslynAnalysisRunner has terminated.
Mono: successfully reloaded assembly
- Completed reload, in  1.852 seconds
Platform modules already initialized, skipping
Refreshing native plugins compatible for Editor in 0.53 ms, found 1 plugins.
Preloading 0 native plugins for Editor in 0.00 ms.
Unloading 1793 Unused Serialized files (Serialized files now loaded: 0)
System memory in use before: 88.3 MB.
System memory in use after: 88.3 MB.

Unloading 12 unused Assets to reduce memory usage. Loaded Objects now: 2288.
Total: 5.464100 ms (FindLiveObjects: 0.403100 ms CreateObjectMapping: 0.162000 ms MarkObjects: 4.635500 ms  DeleteObjects: 0.260600 ms)

========================================================================
Received Prepare
Registering precompiled user dll's ...
Registered in 0.001134 seconds.
Begin MonoManager ReloadAssembly
Native extension for WindowsStandalone target not found
Native extension for WebGL target not found
Refreshing native plugins compatible for Editor in 0.91 ms, found 1 plugins.
Preloading 0 native plugins for Editor in 0.00 ms.
Invoked RoslynAnalysisRunner static constructor.
RoslynAnalysisRunner will not be running.
RoslynAnalysisRunner has terminated.
Mono: successfully reloaded assembly
- Completed reload, in  2.065 seconds
Platform modules already initialized, skipping
Refreshing native plugins compatible for Editor in 1.72 ms, found 1 plugins.
Preloading 0 native plugins for Editor in 0.00 ms.
Unloading 1793 Unused Serialized files (Serialized files now loaded: 0)
System memory in use before: 88.4 MB.
System memory in use after: 88.4 MB.

Unloading 12 unused Assets to reduce memory usage. Loaded Objects now: 2291.
Total: 6.084800 ms (FindLiveObjects: 0.582500 ms CreateObjectMapping: 0.290700 ms MarkObjects: 4.911300 ms  DeleteObjects: 0.296000 ms)

========================================================================
Received Prepare
Registering precompiled user dll's ...
Registered in 0.001865 seconds.
Begin MonoManager ReloadAssembly
Native extension for WindowsStandalone target not found
Native extension for WebGL target not found
Refreshing native plugins compatible for Editor in 1.11 ms, found 1 plugins.
Preloading 0 native plugins for Editor in 0.00 ms.
Invoked RoslynAnalysisRunner static constructor.
RoslynAnalysisRunner will not be running.
RoslynAnalysisRunner has terminated.
Mono: successfully reloaded assembly
- Completed reload, in  2.487 seconds
Platform modules already initialized, skipping
Refreshing native plugins compatible for Editor in 0.56 ms, found 1 plugins.
Preloading 0 native plugins for Editor in 0.00 ms.
Unloading 1793 Unused Serialized files (Serialized files now loaded: 0)
System memory in use before: 88.4 MB.
System memory in use after: 88.4 MB.

Unloading 12 unused Assets to reduce memory usage. Loaded Objects now: 2294.
Total: 9.135600 ms (FindLiveObjects: 0.437100 ms CreateObjectMapping: 0.167100 ms MarkObjects: 8.133100 ms  DeleteObjects: 0.394400 ms)

========================================================================
Received Prepare
Registering precompiled user dll's ...
Registered in 0.001810 seconds.
Begin MonoManager ReloadAssembly
Native extension for WindowsStandalone target not found
Native extension for WebGL target not found
Refreshing native plugins compatible for Editor in 0.62 ms, found 1 plugins.
Preloading 0 native plugins for Editor in 0.00 ms.
Invoked RoslynAnalysisRunner static constructor.
RoslynAnalysisRunner will not be running.
RoslynAnalysisRunner has terminated.
Mono: successfully reloaded assembly
- Completed reload, in  1.572 seconds
Platform modules already initialized, skipping
Refreshing native plugins compatible for Editor in 0.95 ms, found 1 plugins.
Preloading 0 native plugins for Editor in 0.00 ms.
Unloading 1793 Unused Serialized files (Serialized files now loaded: 0)
System memory in use before: 88.5 MB.
System memory in use after: 88.5 MB.

Unloading 12 unused Assets to reduce memory usage. Loaded Objects now: 2297.
Total: 5.690700 ms (FindLiveObjects: 0.522100 ms CreateObjectMapping: 0.256700 ms MarkObjects: 4.683600 ms  DeleteObjects: 0.223200 ms)

========================================================================
Received Prepare
Registering precompiled user dll's ...
Registered in 0.001663 seconds.
Begin MonoManager ReloadAssembly
Native extension for WindowsStandalone target not found
Native extension for WebGL target not found
Refreshing native plugins compatible for Editor in 1.14 ms, found 1 plugins.
Preloading 0 native plugins for Editor in 0.00 ms.
Invoked RoslynAnalysisRunner static constructor.
RoslynAnalysisRunner will not be running.
RoslynAnalysisRunner has terminated.
Mono: successfully reloaded assembly
- Completed reload, in  1.716 seconds
Platform modules already initialized, skipping
Refreshing native plugins compatible for Editor in 0.55 ms, found 1 plugins.
Preloading 0 native plugins for Editor in 0.00 ms.
Unloading 1793 Unused Serialized files (Serialized files now loaded: 0)
System memory in use before: 88.6 MB.
System memory in use after: 88.6 MB.

Unloading 12 unused Assets to reduce memory usage. Loaded Objects now: 2300.
Total: 3.939900 ms (FindLiveObjects: 0.409000 ms CreateObjectMapping: 0.223500 ms MarkObjects: 3.137800 ms  DeleteObjects: 0.167100 ms)

========================================================================
Received Prepare
Registering precompiled user dll's ...
Registered in 0.001130 seconds.
Begin MonoManager ReloadAssembly
Native extension for WindowsStandalone target not found
Native extension for WebGL target not found
Refreshing native plugins compatible for Editor in 0.93 ms, found 1 plugins.
Preloading 0 native plugins for Editor in 0.00 ms.
Invoked RoslynAnalysisRunner static constructor.
RoslynAnalysisRunner will not be running.
RoslynAnalysisRunner has terminated.
Mono: successfully reloaded assembly
- Completed reload, in  1.632 seconds
Platform modules already initialized, skipping
Refreshing native plugins compatible for Editor in 0.53 ms, found 1 plugins.
Preloading 0 native plugins for Editor in 0.00 ms.
Unloading 1793 Unused Serialized files (Serialized files now loaded: 0)
System memory in use before: 88.7 MB.
System memory in use after: 88.7 MB.

Unloading 12 unused Assets to reduce memory usage. Loaded Objects now: 2303.
Total: 4.493500 ms (FindLiveObjects: 0.444600 ms CreateObjectMapping: 0.183900 ms MarkObjects: 3.670700 ms  DeleteObjects: 0.190800 ms)

========================================================================
Received Prepare
Registering precompiled user dll's ...
Registered in 0.001780 seconds.
Begin MonoManager ReloadAssembly
Native extension for WindowsStandalone target not found
Native extension for WebGL target not found
Refreshing native plugins compatible for Editor in 0.72 ms, found 1 plugins.
Preloading 0 native plugins for Editor in 0.00 ms.
Invoked RoslynAnalysisRunner static constructor.
RoslynAnalysisRunner will not be running.
RoslynAnalysisRunner has terminated.
Mono: successfully reloaded assembly
- Completed reload, in  1.878 seconds
Platform modules already initialized, skipping
Refreshing native plugins compatible for Editor in 0.97 ms, found 1 plugins.
Preloading 0 native plugins for Editor in 0.00 ms.
Unloading 1793 Unused Serialized files (Serialized files now loaded: 0)
System memory in use before: 88.8 MB.
System memory in use after: 88.8 MB.

Unloading 12 unused Assets to reduce memory usage. Loaded Objects now: 2306.
Total: 5.301700 ms (FindLiveObjects: 0.536600 ms CreateObjectMapping: 0.204200 ms MarkObjects: 4.353900 ms  DeleteObjects: 0.204000 ms)

========================================================================
Received Prepare
Registering precompiled user dll's ...
Registered in 0.001303 seconds.
Begin MonoManager ReloadAssembly
Native extension for WindowsStandalone target not found
Native extension for WebGL target not found
Refreshing native plugins compatible for Editor in 1.06 ms, found 1 plugins.
Preloading 0 native plugins for Editor in 0.00 ms.
Invoked RoslynAnalysisRunner static constructor.
RoslynAnalysisRunner will not be running.
RoslynAnalysisRunner has terminated.
Mono: successfully reloaded assembly
- Completed reload, in  1.765 seconds
Platform modules already initialized, skipping
Refreshing native plugins compatible for Editor in 0.90 ms, found 1 plugins.
Preloading 0 native plugins for Editor in 0.00 ms.
Unloading 1793 Unused Serialized files (Serialized files now loaded: 0)
System memory in use before: 88.9 MB.
System memory in use after: 88.9 MB.

Unloading 12 unused Assets to reduce memory usage. Loaded Objects now: 2309.
Total: 5.288800 ms (FindLiveObjects: 0.262200 ms CreateObjectMapping: 0.106600 ms MarkObjects: 4.685700 ms  DeleteObjects: 0.232400 ms)

========================================================================
Received Prepare
Registering precompiled user dll's ...
Registered in 0.002869 seconds.
Begin MonoManager ReloadAssembly
Native extension for WindowsStandalone target not found
Native extension for WebGL target not found
Refreshing native plugins compatible for Editor in 0.69 ms, found 1 plugins.
Preloading 0 native plugins for Editor in 0.00 ms.
Invoked RoslynAnalysisRunner static constructor.
RoslynAnalysisRunner will not be running.
RoslynAnalysisRunner has terminated.
Mono: successfully reloaded assembly
- Completed reload, in  1.683 seconds
Platform modules already initialized, skipping
Refreshing native plugins compatible for Editor in 0.98 ms, found 1 plugins.
Preloading 0 native plugins for Editor in 0.00 ms.
Unloading 1793 Unused Serialized files (Serialized files now loaded: 0)
System memory in use before: 89.0 MB.
System memory in use after: 89.0 MB.

Unloading 12 unused Assets to reduce memory usage. Loaded Objects now: 2312.
Total: 3.308800 ms (FindLiveObjects: 0.269900 ms CreateObjectMapping: 0.103100 ms MarkObjects: 2.761100 ms  DeleteObjects: 0.172200 ms)

========================================================================
Received Import Request.
  Time since last request: 1450.627825 seconds.
  path: Assets/Graphics/Stars/Prefabs/Star1.prefab
  artifactKey: Guid(235a56f21a325eb4588554a2e7992fa3) Importer(815301076,1909f56bfc062723c751e8b465ee728b)
Start importing Assets/Graphics/Stars/Prefabs/Star1.prefab using Guid(235a56f21a325eb4588554a2e7992fa3) Importer(815301076,1909f56bfc062723c751e8b465ee728b)  -> (artifact id: 'f7b094ec7bef81fb5d6a2daa684ceeba') in 0.132837 seconds
  Import took 0.137792 seconds .

========================================================================
Received Import Request.
  Time since last request: 2.035655 seconds.
  path: Assets/Graphics/Stars/Prefabs/Star1.prefab
  artifactKey: Guid(235a56f21a325eb4588554a2e7992fa3) Importer(815301076,1909f56bfc062723c751e8b465ee728b)
Start importing Assets/Graphics/Stars/Prefabs/Star1.prefab using Guid(235a56f21a325eb4588554a2e7992fa3) Importer(815301076,1909f56bfc062723c751e8b465ee728b)  -> (artifact id: '369bada4eda43ec59c1eb0b00c35f31a') in 0.016520 seconds
  Import took 0.023952 seconds .

========================================================================
Received Import Request.
  Time since last request: 0.036076 seconds.
  path: Assets/Graphics/Stars/Prefabs/Star1.prefab
  artifactKey: Guid(235a56f21a325eb4588554a2e7992fa3) Importer(815301076,1909f56bfc062723c751e8b465ee728b)
Start importing Assets/Graphics/Stars/Prefabs/Star1.prefab using Guid(235a56f21a325eb4588554a2e7992fa3) Importer(815301076,1909f56bfc062723c751e8b465ee728b)  -> (artifact id: '369bada4eda43ec59c1eb0b00c35f31a') in 0.026144 seconds
  Import took 0.033652 seconds .

========================================================================
Received Import Request.
  Time since last request: 4.697314 seconds.
  path: Assets/Graphics/Stars/Prefabs/Star1.prefab
  artifactKey: Guid(235a56f21a325eb4588554a2e7992fa3) Importer(815301076,1909f56bfc062723c751e8b465ee728b)
Start importing Assets/Graphics/Stars/Prefabs/Star1.prefab using Guid(235a56f21a325eb4588554a2e7992fa3) Importer(815301076,1909f56bfc062723c751e8b465ee728b)  -> (artifact id: '50519debe52d00bbb2ebe0fb1e548c5f') in 0.018743 seconds
  Import took 0.027722 seconds .

========================================================================
Received Import Request.
  Time since last request: 0.028218 seconds.
  path: Assets/Graphics/Stars/Prefabs/Star1.prefab
  artifactKey: Guid(235a56f21a325eb4588554a2e7992fa3) Importer(815301076,1909f56bfc062723c751e8b465ee728b)
Start importing Assets/Graphics/Stars/Prefabs/Star1.prefab using Guid(235a56f21a325eb4588554a2e7992fa3) Importer(815301076,1909f56bfc062723c751e8b465ee728b)  -> (artifact id: '50519debe52d00bbb2ebe0fb1e548c5f') in 0.016479 seconds
  Import took 0.025837 seconds .

========================================================================
Received Import Request.
  Time since last request: 3.813278 seconds.
  path: Assets/Graphics/Stars/Prefabs/Star1.prefab
  artifactKey: Guid(235a56f21a325eb4588554a2e7992fa3) Importer(815301076,1909f56bfc062723c751e8b465ee728b)
Start importing Assets/Graphics/Stars/Prefabs/Star1.prefab using Guid(235a56f21a325eb4588554a2e7992fa3) Importer(815301076,1909f56bfc062723c751e8b465ee728b)  -> (artifact id: '01eadc4ead7086d7035fca5f4a642480') in 0.014427 seconds
  Import took 0.021906 seconds .

========================================================================
Received Import Request.
  Time since last request: 0.034145 seconds.
  path: Assets/Graphics/Stars/Prefabs/Star1.prefab
  artifactKey: Guid(235a56f21a325eb4588554a2e7992fa3) Importer(815301076,1909f56bfc062723c751e8b465ee728b)
Start importing Assets/Graphics/Stars/Prefabs/Star1.prefab using Guid(235a56f21a325eb4588554a2e7992fa3) Importer(815301076,1909f56bfc062723c751e8b465ee728b)  -> (artifact id: '01eadc4ead7086d7035fca5f4a642480') in 0.016665 seconds
  Import took 0.024685 seconds .

========================================================================
Received Import Request.
  Time since last request: 2.331283 seconds.
  path: Assets/Graphics/Stars/Prefabs/Star1.prefab
  artifactKey: Guid(235a56f21a325eb4588554a2e7992fa3) Importer(815301076,1909f56bfc062723c751e8b465ee728b)
Start importing Assets/Graphics/Stars/Prefabs/Star1.prefab using Guid(235a56f21a325eb4588554a2e7992fa3) Importer(815301076,1909f56bfc062723c751e8b465ee728b)  -> (artifact id: '817e0863892902d270345f52565654c7') in 0.016837 seconds
  Import took 0.024240 seconds .

========================================================================
Received Import Request.
  Time since last request: 0.035139 seconds.
  path: Assets/Graphics/Stars/Prefabs/Star1.prefab
  artifactKey: Guid(235a56f21a325eb4588554a2e7992fa3) Importer(815301076,1909f56bfc062723c751e8b465ee728b)
Start importing Assets/Graphics/Stars/Prefabs/Star1.prefab using Guid(235a56f21a325eb4588554a2e7992fa3) Importer(815301076,1909f56bfc062723c751e8b465ee728b)  -> (artifact id: '817e0863892902d270345f52565654c7') in 0.014835 seconds
  Import took 0.022109 seconds .

========================================================================
Received Import Request.
  Time since last request: 2.145181 seconds.
  path: Assets/Graphics/Stars/Prefabs/Star1.prefab
  artifactKey: Guid(235a56f21a325eb4588554a2e7992fa3) Importer(815301076,1909f56bfc062723c751e8b465ee728b)
Start importing Assets/Graphics/Stars/Prefabs/Star1.prefab using Guid(235a56f21a325eb4588554a2e7992fa3) Importer(815301076,1909f56bfc062723c751e8b465ee728b)  -> (artifact id: 'b967f02e6af028818d24eafc28b9a771') in 0.016506 seconds
  Import took 0.024441 seconds .

========================================================================
Received Import Request.
  Time since last request: 0.030249 seconds.
  path: Assets/Graphics/Stars/Prefabs/Star1.prefab
  artifactKey: Guid(235a56f21a325eb4588554a2e7992fa3) Importer(815301076,1909f56bfc062723c751e8b465ee728b)
Start importing Assets/Graphics/Stars/Prefabs/Star1.prefab using Guid(235a56f21a325eb4588554a2e7992fa3) Importer(815301076,1909f56bfc062723c751e8b465ee728b)  -> (artifact id: 'b967f02e6af028818d24eafc28b9a771') in 0.014845 seconds
  Import took 0.022607 seconds .

========================================================================
Received Prepare
Registering precompiled user dll's ...
Registered in 0.001724 seconds.
Begin MonoManager ReloadAssembly
Native extension for WindowsStandalone target not found
Native extension for WebGL target not found
Refreshing native plugins compatible for Editor in 0.55 ms, found 1 plugins.
Preloading 0 native plugins for Editor in 0.00 ms.
Invoked RoslynAnalysisRunner static constructor.
RoslynAnalysisRunner will not be running.
RoslynAnalysisRunner has terminated.
Mono: successfully reloaded assembly
- Completed reload, in  2.103 seconds
Platform modules already initialized, skipping
Refreshing native plugins compatible for Editor in 0.54 ms, found 1 plugins.
Preloading 0 native plugins for Editor in 0.00 ms.
Unloading 1793 Unused Serialized files (Serialized files now loaded: 0)
System memory in use before: 89.1 MB.
System memory in use after: 89.1 MB.

Unloading 12 unused Assets to reduce memory usage. Loaded Objects now: 2316.
Total: 3.731300 ms (FindLiveObjects: 0.504700 ms CreateObjectMapping: 0.177800 ms MarkObjects: 2.873700 ms  DeleteObjects: 0.172700 ms)

========================================================================
Received Prepare
Registering precompiled user dll's ...
Registered in 0.001117 seconds.
Begin MonoManager ReloadAssembly
Native extension for WindowsStandalone target not found
Native extension for WebGL target not found
Refreshing native plugins compatible for Editor in 1.31 ms, found 1 plugins.
Preloading 0 native plugins for Editor in 0.00 ms.
Invoked RoslynAnalysisRunner static constructor.
RoslynAnalysisRunner will not be running.
RoslynAnalysisRunner has terminated.
Mono: successfully reloaded assembly
- Completed reload, in  1.659 seconds
Platform modules already initialized, skipping
Refreshing native plugins compatible for Editor in 0.83 ms, found 1 plugins.
Preloading 0 native plugins for Editor in 0.00 ms.
Unloading 1793 Unused Serialized files (Serialized files now loaded: 0)
System memory in use before: 89.2 MB.
System memory in use after: 89.2 MB.

Unloading 12 unused Assets to reduce memory usage. Loaded Objects now: 2319.
Total: 3.755800 ms (FindLiveObjects: 0.427200 ms CreateObjectMapping: 0.140600 ms MarkObjects: 3.017500 ms  DeleteObjects: 0.168200 ms)

========================================================================
Received Import Request.
  Time since last request: 439.991892 seconds.
  path: Assets/Graphics/Stars/Prefabs/Star1.prefab
  artifactKey: Guid(235a56f21a325eb4588554a2e7992fa3) Importer(815301076,1909f56bfc062723c751e8b465ee728b)
Start importing Assets/Graphics/Stars/Prefabs/Star1.prefab using Guid(235a56f21a325eb4588554a2e7992fa3) Importer(815301076,1909f56bfc062723c751e8b465ee728b)  -> (artifact id: 'f938adf5bccc5686dcc362a713428b14') in 0.122467 seconds
  Import took 0.128755 seconds .

========================================================================
Received Prepare
Registering precompiled user dll's ...
Registered in 0.001171 seconds.
Begin MonoManager ReloadAssembly
Native extension for WindowsStandalone target not found
Native extension for WebGL target not found
Refreshing native plugins compatible for Editor in 0.59 ms, found 1 plugins.
Preloading 0 native plugins for Editor in 0.00 ms.
Invoked RoslynAnalysisRunner static constructor.
RoslynAnalysisRunner will not be running.
RoslynAnalysisRunner has terminated.
Mono: successfully reloaded assembly
- Completed reload, in  1.865 seconds
Platform modules already initialized, skipping
Refreshing native plugins compatible for Editor in 1.13 ms, found 1 plugins.
Preloading 0 native plugins for Editor in 0.00 ms.
Unloading 1793 Unused Serialized files (Serialized files now loaded: 0)
System memory in use before: 88.3 MB.
System memory in use after: 88.3 MB.

Unloading 12 unused Assets to reduce memory usage. Loaded Objects now: 2323.
Total: 5.807300 ms (FindLiveObjects: 0.508700 ms CreateObjectMapping: 0.384000 ms MarkObjects: 4.598200 ms  DeleteObjects: 0.313200 ms)

========================================================================
Received Import Request.
  Time since last request: 69.067222 seconds.
  path: Assets/Graphics/Stars/Prefabs/Star1.prefab
  artifactKey: Guid(235a56f21a325eb4588554a2e7992fa3) Importer(815301076,1909f56bfc062723c751e8b465ee728b)
Start importing Assets/Graphics/Stars/Prefabs/Star1.prefab using Guid(235a56f21a325eb4588554a2e7992fa3) Importer(815301076,1909f56bfc062723c751e8b465ee728b)  -> (artifact id: '0308358436feb71f3b180373e73dacc8') in 0.136983 seconds
  Import took 0.145355 seconds .

========================================================================
Received Import Request.
  Time since last request: 77.866557 seconds.
  path: Assets/Graphics/Stars/Prefabs/Star1.prefab
  artifactKey: Guid(235a56f21a325eb4588554a2e7992fa3) Importer(815301076,1909f56bfc062723c751e8b465ee728b)
Start importing Assets/Graphics/Stars/Prefabs/Star1.prefab using Guid(235a56f21a325eb4588554a2e7992fa3) Importer(815301076,1909f56bfc062723c751e8b465ee728b)  -> (artifact id: 'c4c07a49bc1b889c26403ffd1814e139') in 0.144512 seconds
  Import took 0.154319 seconds .

========================================================================
Received Prepare
Registering precompiled user dll's ...
Registered in 0.001937 seconds.
Begin MonoManager ReloadAssembly
Native extension for WindowsStandalone target not found
Native extension for WebGL target not found
Refreshing native plugins compatible for Editor in 1.07 ms, found 1 plugins.
Preloading 0 native plugins for Editor in 0.00 ms.
Invoked RoslynAnalysisRunner static constructor.
RoslynAnalysisRunner will not be running.
RoslynAnalysisRunner has terminated.
Mono: successfully reloaded assembly
- Completed reload, in  1.890 seconds
Platform modules already initialized, skipping
Refreshing native plugins compatible for Editor in 0.98 ms, found 1 plugins.
Preloading 0 native plugins for Editor in 0.00 ms.
Unloading 1806 Unused Serialized files (Serialized files now loaded: 0)
System memory in use before: 90.4 MB.
System memory in use after: 89.8 MB.

Unloading 25 unused Assets to reduce memory usage. Loaded Objects now: 2327.
Total: 3.963300 ms (FindLiveObjects: 0.263400 ms CreateObjectMapping: 0.101500 ms MarkObjects: 3.028700 ms  DeleteObjects: 0.566000 ms)

========================================================================
Received Prepare
Registering precompiled user dll's ...
Registered in 0.001718 seconds.
Begin MonoManager ReloadAssembly
Native extension for WindowsStandalone target not found
Native extension for WebGL target not found
Refreshing native plugins compatible for Editor in 0.57 ms, found 1 plugins.
Preloading 0 native plugins for Editor in 0.00 ms.
Invoked RoslynAnalysisRunner static constructor.
RoslynAnalysisRunner will not be running.
RoslynAnalysisRunner has terminated.
Mono: successfully reloaded assembly
- Completed reload, in  2.046 seconds
Platform modules already initialized, skipping
Refreshing native plugins compatible for Editor in 0.96 ms, found 1 plugins.
Preloading 0 native plugins for Editor in 0.00 ms.
Unloading 1806 Unused Serialized files (Serialized files now loaded: 0)
System memory in use before: 90.4 MB.
System memory in use after: 89.9 MB.

Unloading 25 unused Assets to reduce memory usage. Loaded Objects now: 2330.
Total: 4.417000 ms (FindLiveObjects: 0.418200 ms CreateObjectMapping: 0.134200 ms MarkObjects: 3.272900 ms  DeleteObjects: 0.589400 ms)

========================================================================
Received Import Request.
  Time since last request: 102.296063 seconds.
  path: ProjectSettings/TagManager.asset
  artifactKey: Guid(00000000000000003000000000000000) Importer(815301076,1909f56bfc062723c751e8b465ee728b)
Start importing ProjectSettings/TagManager.asset using Guid(00000000000000003000000000000000) Importer(815301076,1909f56bfc062723c751e8b465ee728b)  -> (artifact id: '5c227aaf2a6bb8e2527dd6c914b1f27c') in 0.027486 seconds
  Import took 0.035320 seconds .

========================================================================
Received Import Request.
  Time since last request: 44.473459 seconds.
  path: Assets/Graphics/Stars/Prefabs/Star1.prefab
  artifactKey: Guid(235a56f21a325eb4588554a2e7992fa3) Importer(815301076,1909f56bfc062723c751e8b465ee728b)
Start importing Assets/Graphics/Stars/Prefabs/Star1.prefab using Guid(235a56f21a325eb4588554a2e7992fa3) Importer(815301076,1909f56bfc062723c751e8b465ee728b)  -> (artifact id: '0e74e17c4d9aa84cbf164e91189bb953') in 0.245079 seconds
  Import took 0.251875 seconds .

========================================================================
Received Prepare
Registering precompiled user dll's ...
Registered in 0.001215 seconds.
Begin MonoManager ReloadAssembly
Native extension for WindowsStandalone target not found
Native extension for WebGL target not found
Refreshing native plugins compatible for Editor in 1.01 ms, found 1 plugins.
Preloading 0 native plugins for Editor in 0.00 ms.
Invoked RoslynAnalysisRunner static constructor.
RoslynAnalysisRunner will not be running.
RoslynAnalysisRunner has terminated.
Mono: successfully reloaded assembly
- Completed reload, in  1.639 seconds
Platform modules already initialized, skipping
Refreshing native plugins compatible for Editor in 0.53 ms, found 1 plugins.
Preloading 0 native plugins for Editor in 0.00 ms.
Unloading 1806 Unused Serialized files (Serialized files now loaded: 0)
System memory in use before: 90.5 MB.
System memory in use after: 90.0 MB.

Unloading 26 unused Assets to reduce memory usage. Loaded Objects now: 2334.
Total: 4.468800 ms (FindLiveObjects: 0.497300 ms CreateObjectMapping: 0.141200 ms MarkObjects: 3.152600 ms  DeleteObjects: 0.673000 ms)

========================================================================
Received Prepare
Registering precompiled user dll's ...
Registered in 0.001058 seconds.
Begin MonoManager ReloadAssembly
Native extension for WindowsStandalone target not found
Native extension for WebGL target not found
Refreshing native plugins compatible for Editor in 1.02 ms, found 1 plugins.
Preloading 0 native plugins for Editor in 0.00 ms.
Invoked RoslynAnalysisRunner static constructor.
RoslynAnalysisRunner will not be running.
RoslynAnalysisRunner has terminated.
Mono: successfully reloaded assembly
- Completed reload, in  1.739 seconds
Platform modules already initialized, skipping
Refreshing native plugins compatible for Editor in 0.64 ms, found 1 plugins.
Preloading 0 native plugins for Editor in 0.00 ms.
Unloading 1806 Unused Serialized files (Serialized files now loaded: 0)
System memory in use before: 90.6 MB.
System memory in use after: 90.0 MB.

Unloading 25 unused Assets to reduce memory usage. Loaded Objects now: 2337.
Total: 4.920700 ms (FindLiveObjects: 0.390900 ms CreateObjectMapping: 0.110700 ms MarkObjects: 3.407200 ms  DeleteObjects: 1.008100 ms)

========================================================================
Received Import Request.
  Time since last request: 441.422948 seconds.
  path: Assets/Graphics/Stars/Prefabs/Star1.prefab
  artifactKey: Guid(235a56f21a325eb4588554a2e7992fa3) Importer(815301076,1909f56bfc062723c751e8b465ee728b)
Start importing Assets/Graphics/Stars/Prefabs/Star1.prefab using Guid(235a56f21a325eb4588554a2e7992fa3) Importer(815301076,1909f56bfc062723c751e8b465ee728b)  -> (artifact id: 'e7d975f3c0c1e7d4141162015e819e8f') in 0.103231 seconds
  Import took 0.110239 seconds .

========================================================================
Received Import Request.
  Time since last request: 7.658467 seconds.
  path: Assets/Graphics/Stars/Prefabs/Star1.prefab
  artifactKey: Guid(235a56f21a325eb4588554a2e7992fa3) Importer(815301076,1909f56bfc062723c751e8b465ee728b)
Start importing Assets/Graphics/Stars/Prefabs/Star1.prefab using Guid(235a56f21a325eb4588554a2e7992fa3) Importer(815301076,1909f56bfc062723c751e8b465ee728b)  -> (artifact id: '5bc7f95f226c8ceaaf473f437da57002') in 0.015899 seconds
  Import took 0.023541 seconds .

========================================================================
Received Import Request.
  Time since last request: 47.839163 seconds.
  path: Assets/Graphics/Stars/Prefabs/Star1.prefab
  artifactKey: Guid(235a56f21a325eb4588554a2e7992fa3) Importer(815301076,1909f56bfc062723c751e8b465ee728b)
Start importing Assets/Graphics/Stars/Prefabs/Star1.prefab using Guid(235a56f21a325eb4588554a2e7992fa3) Importer(815301076,1909f56bfc062723c751e8b465ee728b)  -> (artifact id: 'fec57d5a63c63870607e598cb2f8101c') in 0.126804 seconds
  Import took 0.133907 seconds .

========================================================================
Received Import Request.
  Time since last request: 110.578387 seconds.
  path: Assets/Graphics/Stars/Prefabs/Star1.prefab
  artifactKey: Guid(235a56f21a325eb4588554a2e7992fa3) Importer(815301076,1909f56bfc062723c751e8b465ee728b)
Start importing Assets/Graphics/Stars/Prefabs/Star1.prefab using Guid(235a56f21a325eb4588554a2e7992fa3) Importer(815301076,1909f56bfc062723c751e8b465ee728b)  -> (artifact id: 'c0307300c1364d600715ea377ab4aa21') in 0.061075 seconds
  Import took 0.068380 seconds .

========================================================================
Received Prepare
Registering precompiled user dll's ...
Registered in 0.001307 seconds.
Begin MonoManager ReloadAssembly
Native extension for WindowsStandalone target not found
Native extension for WebGL target not found
Refreshing native plugins compatible for Editor in 1.26 ms, found 1 plugins.
Preloading 0 native plugins for Editor in 0.00 ms.
Invoked RoslynAnalysisRunner static constructor.
RoslynAnalysisRunner will not be running.
RoslynAnalysisRunner has terminated.
Mono: successfully reloaded assembly
- Completed reload, in  1.986 seconds
Platform modules already initialized, skipping
Refreshing native plugins compatible for Editor in 1.11 ms, found 1 plugins.
Preloading 0 native plugins for Editor in 0.00 ms.
Unloading 1806 Unused Serialized files (Serialized files now loaded: 0)
System memory in use before: 90.7 MB.
System memory in use after: 90.1 MB.

Unloading 25 unused Assets to reduce memory usage. Loaded Objects now: 2341.
Total: 4.443300 ms (FindLiveObjects: 0.420200 ms CreateObjectMapping: 0.144600 ms MarkObjects: 3.029900 ms  DeleteObjects: 0.846300 ms)

========================================================================
Received Import Request.
  Time since last request: 270.332232 seconds.
  path: Assets/Graphics/Stars/Prefabs/Star2.prefab
  artifactKey: Guid(5b165545a7b140f4f9a61189dafbb453) Importer(815301076,1909f56bfc062723c751e8b465ee728b)
Start importing Assets/Graphics/Stars/Prefabs/Star2.prefab using Guid(5b165545a7b140f4f9a61189dafbb453) Importer(815301076,1909f56bfc062723c751e8b465ee728b)  -> (artifact id: 'e936de93333c4ae6789c8745ec7e7a2e') in 0.236022 seconds
  Import took 0.244548 seconds .

========================================================================
Received Import Request.
  Time since last request: 24.862403 seconds.
  path: Assets/Graphics/Stars/Prefabs/Star2.prefab
  artifactKey: Guid(5b165545a7b140f4f9a61189dafbb453) Importer(815301076,1909f56bfc062723c751e8b465ee728b)
Start importing Assets/Graphics/Stars/Prefabs/Star2.prefab using Guid(5b165545a7b140f4f9a61189dafbb453) Importer(815301076,1909f56bfc062723c751e8b465ee728b)  -> (artifact id: 'fd994bda7bd73867a277b19117b01771') in 0.054966 seconds
  Import took 0.062448 seconds .

========================================================================
Received Import Request.
  Time since last request: 1.969292 seconds.
  path: Assets/Graphics/Stars/Prefabs/Star2.prefab
  artifactKey: Guid(5b165545a7b140f4f9a61189dafbb453) Importer(815301076,1909f56bfc062723c751e8b465ee728b)
Start importing Assets/Graphics/Stars/Prefabs/Star2.prefab using Guid(5b165545a7b140f4f9a61189dafbb453) Importer(815301076,1909f56bfc062723c751e8b465ee728b)  -> (artifact id: 'fbd10661ba423622548eca9380a6adc2') in 0.051228 seconds
  Import took 0.060533 seconds .

========================================================================
Received Import Request.
  Time since last request: 1.953075 seconds.
  path: Assets/Graphics/Stars/Prefabs/Star2.prefab
  artifactKey: Guid(5b165545a7b140f4f9a61189dafbb453) Importer(815301076,1909f56bfc062723c751e8b465ee728b)
Start importing Assets/Graphics/Stars/Prefabs/Star2.prefab using Guid(5b165545a7b140f4f9a61189dafbb453) Importer(815301076,1909f56bfc062723c751e8b465ee728b)  -> (artifact id: 'bb6342f310878f243fba105eff5b516f') in 0.058209 seconds
  Import took 0.064421 seconds .

========================================================================
Received Import Request.
  Time since last request: 35.733551 seconds.
  path: Assets/Graphics/Stars/Prefabs/Star2.prefab
  artifactKey: Guid(5b165545a7b140f4f9a61189dafbb453) Importer(815301076,1909f56bfc062723c751e8b465ee728b)
Start importing Assets/Graphics/Stars/Prefabs/Star2.prefab using Guid(5b165545a7b140f4f9a61189dafbb453) Importer(815301076,1909f56bfc062723c751e8b465ee728b)  -> (artifact id: '7808e1771fc1e578251591fd08752d99') in 0.060286 seconds
  Import took 0.067614 seconds .

========================================================================
Received Prepare
Registering precompiled user dll's ...
Registered in 0.001415 seconds.
Begin MonoManager ReloadAssembly
Native extension for WindowsStandalone target not found
Native extension for WebGL target not found
Refreshing native plugins compatible for Editor in 0.67 ms, found 1 plugins.
Preloading 0 native plugins for Editor in 0.00 ms.
Invoked RoslynAnalysisRunner static constructor.
RoslynAnalysisRunner will not be running.
RoslynAnalysisRunner has terminated.
Mono: successfully reloaded assembly
- Completed reload, in  1.640 seconds
Platform modules already initialized, skipping
Refreshing native plugins compatible for Editor in 0.54 ms, found 1 plugins.
Preloading 0 native plugins for Editor in 0.00 ms.
Unloading 1806 Unused Serialized files (Serialized files now loaded: 0)
System memory in use before: 90.8 MB.
System memory in use after: 90.3 MB.

Unloading 25 unused Assets to reduce memory usage. Loaded Objects now: 2345.
Total: 6.953800 ms (FindLiveObjects: 0.701100 ms CreateObjectMapping: 0.329900 ms MarkObjects: 4.987200 ms  DeleteObjects: 0.932300 ms)

========================================================================
Received Prepare
Registering precompiled user dll's ...
Registered in 0.001258 seconds.
Begin MonoManager ReloadAssembly
Native extension for WindowsStandalone target not found
Native extension for WebGL target not found
Refreshing native plugins compatible for Editor in 0.62 ms, found 1 plugins.
Preloading 0 native plugins for Editor in 0.00 ms.
Invoked RoslynAnalysisRunner static constructor.
RoslynAnalysisRunner will not be running.
RoslynAnalysisRunner has terminated.
Mono: successfully reloaded assembly
- Completed reload, in  1.838 seconds
Platform modules already initialized, skipping
Refreshing native plugins compatible for Editor in 0.53 ms, found 1 plugins.
Preloading 0 native plugins for Editor in 0.00 ms.
Unloading 1806 Unused Serialized files (Serialized files now loaded: 0)
System memory in use before: 90.9 MB.
System memory in use after: 90.3 MB.

Unloading 25 unused Assets to reduce memory usage. Loaded Objects now: 2348.
Total: 6.070900 ms (FindLiveObjects: 0.469600 ms CreateObjectMapping: 0.169600 ms MarkObjects: 4.600700 ms  DeleteObjects: 0.827500 ms)

========================================================================
Received Import Request.
  Time since last request: 182.605890 seconds.
  path: Assets/Graphics/Stars/Prefabs/Star2.prefab
  artifactKey: Guid(5b165545a7b140f4f9a61189dafbb453) Importer(815301076,1909f56bfc062723c751e8b465ee728b)
Start importing Assets/Graphics/Stars/Prefabs/Star2.prefab using Guid(5b165545a7b140f4f9a61189dafbb453) Importer(815301076,1909f56bfc062723c751e8b465ee728b)  -> (artifact id: '4e52a38792a591a0229bcbd6ffc2f046') in 0.207473 seconds
  Import took 0.215006 seconds .

========================================================================
Received Prepare
Registering precompiled user dll's ...
Registered in 0.001241 seconds.
Begin MonoManager ReloadAssembly
Native extension for WindowsStandalone target not found
Native extension for WebGL target not found
Refreshing native plugins compatible for Editor in 0.65 ms, found 1 plugins.
Preloading 0 native plugins for Editor in 0.00 ms.
Invoked RoslynAnalysisRunner static constructor.
RoslynAnalysisRunner will not be running.
RoslynAnalysisRunner has terminated.
Mono: successfully reloaded assembly
- Completed reload, in  1.834 seconds
Platform modules already initialized, skipping
Refreshing native plugins compatible for Editor in 0.55 ms, found 1 plugins.
Preloading 0 native plugins for Editor in 0.00 ms.
Unloading 1806 Unused Serialized files (Serialized files now loaded: 0)
System memory in use before: 91.0 MB.
System memory in use after: 90.4 MB.

Unloading 25 unused Assets to reduce memory usage. Loaded Objects now: 2352.
Total: 4.249300 ms (FindLiveObjects: 0.414700 ms CreateObjectMapping: 0.169000 ms MarkObjects: 3.055200 ms  DeleteObjects: 0.608200 ms)

========================================================================
Received Prepare
Registering precompiled user dll's ...
Registered in 0.001057 seconds.
Begin MonoManager ReloadAssembly
Native extension for WindowsStandalone target not found
Native extension for WebGL target not found
Refreshing native plugins compatible for Editor in 0.75 ms, found 1 plugins.
Preloading 0 native plugins for Editor in 0.00 ms.
Invoked RoslynAnalysisRunner static constructor.
RoslynAnalysisRunner will not be running.
RoslynAnalysisRunner has terminated.
Mono: successfully reloaded assembly
- Completed reload, in  1.801 seconds
Platform modules already initialized, skipping
Refreshing native plugins compatible for Editor in 0.66 ms, found 1 plugins.
Preloading 0 native plugins for Editor in 0.00 ms.
Unloading 1806 Unused Serialized files (Serialized files now loaded: 0)
System memory in use before: 91.1 MB.
System memory in use after: 90.5 MB.

Unloading 25 unused Assets to reduce memory usage. Loaded Objects now: 2355.
Total: 7.481000 ms (FindLiveObjects: 0.439000 ms CreateObjectMapping: 0.111300 ms MarkObjects: 5.903800 ms  DeleteObjects: 1.023400 ms)

========================================================================
Received Prepare
Registering precompiled user dll's ...
Registered in 0.001038 seconds.
Begin MonoManager ReloadAssembly
Native extension for WindowsStandalone target not found
Native extension for WebGL target not found
Refreshing native plugins compatible for Editor in 0.60 ms, found 1 plugins.
Preloading 0 native plugins for Editor in 0.00 ms.
Invoked RoslynAnalysisRunner static constructor.
RoslynAnalysisRunner will not be running.
RoslynAnalysisRunner has terminated.
Mono: successfully reloaded assembly
- Completed reload, in  1.696 seconds
Platform modules already initialized, skipping
Refreshing native plugins compatible for Editor in 0.99 ms, found 1 plugins.
Preloading 0 native plugins for Editor in 0.00 ms.
Unloading 1806 Unused Serialized files (Serialized files now loaded: 0)
System memory in use before: 91.2 MB.
System memory in use after: 90.6 MB.

Unloading 25 unused Assets to reduce memory usage. Loaded Objects now: 2358.
Total: 4.038700 ms (FindLiveObjects: 0.275800 ms CreateObjectMapping: 0.110200 ms MarkObjects: 3.049200 ms  DeleteObjects: 0.600500 ms)

========================================================================
Received Prepare
Registering precompiled user dll's ...
Registered in 0.001886 seconds.
Begin MonoManager ReloadAssembly
Native extension for WindowsStandalone target not found
Native extension for WebGL target not found
Refreshing native plugins compatible for Editor in 1.16 ms, found 1 plugins.
Preloading 0 native plugins for Editor in 0.00 ms.
Invoked RoslynAnalysisRunner static constructor.
RoslynAnalysisRunner will not be running.
RoslynAnalysisRunner has terminated.
Mono: successfully reloaded assembly
- Completed reload, in  1.999 seconds
Platform modules already initialized, skipping
Refreshing native plugins compatible for Editor in 1.42 ms, found 1 plugins.
Preloading 0 native plugins for Editor in 0.00 ms.
Unloading 1806 Unused Serialized files (Serialized files now loaded: 0)
System memory in use before: 91.3 MB.
System memory in use after: 90.7 MB.

Unloading 25 unused Assets to reduce memory usage. Loaded Objects now: 2361.
Total: 5.912100 ms (FindLiveObjects: 0.417800 ms CreateObjectMapping: 0.140000 ms MarkObjects: 4.193400 ms  DeleteObjects: 1.157400 ms)

========================================================================
Received Prepare
Registering precompiled user dll's ...
Registered in 0.001011 seconds.
Begin MonoManager ReloadAssembly
Native extension for WindowsStandalone target not found
Native extension for WebGL target not found
Refreshing native plugins compatible for Editor in 0.69 ms, found 1 plugins.
Preloading 0 native plugins for Editor in 0.00 ms.
Invoked RoslynAnalysisRunner static constructor.
RoslynAnalysisRunner will not be running.
RoslynAnalysisRunner has terminated.
Mono: successfully reloaded assembly
- Completed reload, in  1.699 seconds
Platform modules already initialized, skipping
Refreshing native plugins compatible for Editor in 0.89 ms, found 1 plugins.
Preloading 0 native plugins for Editor in 0.00 ms.
Unloading 1806 Unused Serialized files (Serialized files now loaded: 0)
System memory in use before: 91.3 MB.
System memory in use after: 90.7 MB.

Unloading 25 unused Assets to reduce memory usage. Loaded Objects now: 2364.
Total: 4.339800 ms (FindLiveObjects: 0.412200 ms CreateObjectMapping: 0.131500 ms MarkObjects: 2.925600 ms  DeleteObjects: 0.868700 ms)

========================================================================
Received Prepare
Registering precompiled user dll's ...
Registered in 0.001062 seconds.
Begin MonoManager ReloadAssembly
Native extension for WindowsStandalone target not found
Native extension for WebGL target not found
Refreshing native plugins compatible for Editor in 1.18 ms, found 1 plugins.
Preloading 0 native plugins for Editor in 0.00 ms.
Invoked RoslynAnalysisRunner static constructor.
RoslynAnalysisRunner will not be running.
RoslynAnalysisRunner has terminated.
Mono: successfully reloaded assembly
- Completed reload, in  1.656 seconds
Platform modules already initialized, skipping
Refreshing native plugins compatible for Editor in 0.57 ms, found 1 plugins.
Preloading 0 native plugins for Editor in 0.00 ms.
Unloading 1806 Unused Serialized files (Serialized files now loaded: 0)
System memory in use before: 90.4 MB.
System memory in use after: 89.9 MB.

Unloading 25 unused Assets to reduce memory usage. Loaded Objects now: 2367.
Total: 4.947000 ms (FindLiveObjects: 0.446100 ms CreateObjectMapping: 0.244200 ms MarkObjects: 3.515700 ms  DeleteObjects: 0.736900 ms)

========================================================================
Received Prepare
Registering precompiled user dll's ...
Registered in 0.001625 seconds.
Begin MonoManager ReloadAssembly
Native extension for WindowsStandalone target not found
Native extension for WebGL target not found
Refreshing native plugins compatible for Editor in 0.75 ms, found 1 plugins.
Preloading 0 native plugins for Editor in 0.00 ms.
Invoked RoslynAnalysisRunner static constructor.
RoslynAnalysisRunner will not be running.
RoslynAnalysisRunner has terminated.
Mono: successfully reloaded assembly
- Completed reload, in  1.710 seconds
Platform modules already initialized, skipping
Refreshing native plugins compatible for Editor in 1.07 ms, found 1 plugins.
Preloading 0 native plugins for Editor in 0.00 ms.
Unloading 1806 Unused Serialized files (Serialized files now loaded: 0)
System memory in use before: 90.5 MB.
System memory in use after: 90.0 MB.

Unloading 25 unused Assets to reduce memory usage. Loaded Objects now: 2370.
Total: 7.225100 ms (FindLiveObjects: 0.620600 ms CreateObjectMapping: 0.315100 ms MarkObjects: 5.106000 ms  DeleteObjects: 1.180300 ms)

========================================================================
Received Prepare
Registering precompiled user dll's ...
Registered in 0.001713 seconds.
Begin MonoManager ReloadAssembly
Native extension for WindowsStandalone target not found
Native extension for WebGL target not found
Refreshing native plugins compatible for Editor in 0.57 ms, found 1 plugins.
Preloading 0 native plugins for Editor in 0.00 ms.
Invoked RoslynAnalysisRunner static constructor.
RoslynAnalysisRunner will not be running.
RoslynAnalysisRunner has terminated.
Mono: successfully reloaded assembly
- Completed reload, in  1.677 seconds
Platform modules already initialized, skipping
Refreshing native plugins compatible for Editor in 0.58 ms, found 1 plugins.
Preloading 0 native plugins for Editor in 0.00 ms.
Unloading 1806 Unused Serialized files (Serialized files now loaded: 0)
System memory in use before: 90.6 MB.
System memory in use after: 90.0 MB.

Unloading 25 unused Assets to reduce memory usage. Loaded Objects now: 2373.
Total: 3.785400 ms (FindLiveObjects: 0.304400 ms CreateObjectMapping: 0.105300 ms MarkObjects: 2.732100 ms  DeleteObjects: 0.640400 ms)

========================================================================
Received Import Request.
  Time since last request: 2155.969899 seconds.
  path: Assets/Graphics/Stars/Prefabs/Star2.prefab
  artifactKey: Guid(5b165545a7b140f4f9a61189dafbb453) Importer(815301076,1909f56bfc062723c751e8b465ee728b)
Start importing Assets/Graphics/Stars/Prefabs/Star2.prefab using Guid(5b165545a7b140f4f9a61189dafbb453) Importer(815301076,1909f56bfc062723c751e8b465ee728b)  -> (artifact id: '17b4cc43f04a5b9a42fed562a4f70607') in 0.265898 seconds
  Import took 0.272612 seconds .

========================================================================
Received Prepare
Registering precompiled user dll's ...
Registered in 0.001048 seconds.
Begin MonoManager ReloadAssembly
Native extension for WindowsStandalone target not found
Native extension for WebGL target not found
Refreshing native plugins compatible for Editor in 0.62 ms, found 1 plugins.
Preloading 0 native plugins for Editor in 0.00 ms.
Invoked RoslynAnalysisRunner static constructor.
RoslynAnalysisRunner will not be running.
RoslynAnalysisRunner has terminated.
Mono: successfully reloaded assembly
- Completed reload, in  1.652 seconds
Platform modules already initialized, skipping
Refreshing native plugins compatible for Editor in 0.79 ms, found 1 plugins.
Preloading 0 native plugins for Editor in 0.00 ms.
Unloading 1806 Unused Serialized files (Serialized files now loaded: 0)
System memory in use before: 90.7 MB.
System memory in use after: 90.1 MB.

Unloading 25 unused Assets to reduce memory usage. Loaded Objects now: 2377.
Total: 4.682600 ms (FindLiveObjects: 0.333100 ms CreateObjectMapping: 0.108700 ms MarkObjects: 3.542900 ms  DeleteObjects: 0.694400 ms)

========================================================================
Received Import Request.
  Time since last request: 13.690876 seconds.
  path: Assets/Graphics/Stars/Prefabs/Star2.prefab
  artifactKey: Guid(5b165545a7b140f4f9a61189dafbb453) Importer(815301076,1909f56bfc062723c751e8b465ee728b)
Start importing Assets/Graphics/Stars/Prefabs/Star2.prefab using Guid(5b165545a7b140f4f9a61189dafbb453) Importer(815301076,1909f56bfc062723c751e8b465ee728b)  -> (artifact id: 'eab8e3071eba55a8400fde5bb3a2c714') in 0.186730 seconds
  Import took 0.194492 seconds .

========================================================================
Received Prepare
Registering precompiled user dll's ...
Registered in 0.001188 seconds.
Begin MonoManager ReloadAssembly
Native extension for WindowsStandalone target not found
Native extension for WebGL target not found
Refreshing native plugins compatible for Editor in 0.56 ms, found 1 plugins.
Preloading 0 native plugins for Editor in 0.00 ms.
Invoked RoslynAnalysisRunner static constructor.
RoslynAnalysisRunner will not be running.
RoslynAnalysisRunner has terminated.
Mono: successfully reloaded assembly
- Completed reload, in  1.788 seconds
Platform modules already initialized, skipping
Refreshing native plugins compatible for Editor in 0.59 ms, found 1 plugins.
Preloading 0 native plugins for Editor in 0.00 ms.
Unloading 1806 Unused Serialized files (Serialized files now loaded: 0)
System memory in use before: 90.8 MB.
System memory in use after: 90.2 MB.

Unloading 25 unused Assets to reduce memory usage. Loaded Objects now: 2381.
Total: 6.520800 ms (FindLiveObjects: 0.432600 ms CreateObjectMapping: 0.146800 ms MarkObjects: 5.038200 ms  DeleteObjects: 0.900200 ms)

========================================================================
Received Prepare
Registering precompiled user dll's ...
Registered in 0.001714 seconds.
Begin MonoManager ReloadAssembly
Native extension for WindowsStandalone target not found
Native extension for WebGL target not found
Refreshing native plugins compatible for Editor in 0.97 ms, found 1 plugins.
Preloading 0 native plugins for Editor in 0.00 ms.
Invoked RoslynAnalysisRunner static constructor.
RoslynAnalysisRunner will not be running.
RoslynAnalysisRunner has terminated.
Mono: successfully reloaded assembly
- Completed reload, in  1.796 seconds
Platform modules already initialized, skipping
Refreshing native plugins compatible for Editor in 0.95 ms, found 1 plugins.
Preloading 0 native plugins for Editor in 0.00 ms.
Unloading 1806 Unused Serialized files (Serialized files now loaded: 0)
System memory in use before: 90.9 MB.
System memory in use after: 90.3 MB.

Unloading 25 unused Assets to reduce memory usage. Loaded Objects now: 2384.
Total: 5.843500 ms (FindLiveObjects: 0.447100 ms CreateObjectMapping: 0.169100 ms MarkObjects: 4.368700 ms  DeleteObjects: 0.855300 ms)

========================================================================
Received Prepare
Registering precompiled user dll's ...
Registered in 0.001742 seconds.
Begin MonoManager ReloadAssembly
Native extension for WindowsStandalone target not found
Native extension for WebGL target not found
Refreshing native plugins compatible for Editor in 1.02 ms, found 1 plugins.
Preloading 0 native plugins for Editor in 0.00 ms.
Invoked RoslynAnalysisRunner static constructor.
RoslynAnalysisRunner will not be running.
RoslynAnalysisRunner has terminated.
Mono: successfully reloaded assembly
- Completed reload, in  1.765 seconds
Platform modules already initialized, skipping
Refreshing native plugins compatible for Editor in 0.55 ms, found 1 plugins.
Preloading 0 native plugins for Editor in 0.00 ms.
Unloading 1806 Unused Serialized files (Serialized files now loaded: 0)
System memory in use before: 91.0 MB.
System memory in use after: 90.4 MB.

Unloading 25 unused Assets to reduce memory usage. Loaded Objects now: 2387.
Total: 4.630900 ms (FindLiveObjects: 0.816900 ms CreateObjectMapping: 0.242300 ms MarkObjects: 2.753500 ms  DeleteObjects: 0.815000 ms)

========================================================================
Received Prepare
Registering precompiled user dll's ...
Registered in 0.001762 seconds.
Begin MonoManager ReloadAssembly
Native extension for WindowsStandalone target not found
Native extension for WebGL target not found
Refreshing native plugins compatible for Editor in 0.59 ms, found 1 plugins.
Preloading 0 native plugins for Editor in 0.00 ms.
Invoked RoslynAnalysisRunner static constructor.
RoslynAnalysisRunner will not be running.
RoslynAnalysisRunner has terminated.
Mono: successfully reloaded assembly
- Completed reload, in  1.797 seconds
Platform modules already initialized, skipping
Refreshing native plugins compatible for Editor in 0.91 ms, found 1 plugins.
Preloading 0 native plugins for Editor in 0.00 ms.
Unloading 1806 Unused Serialized files (Serialized files now loaded: 0)
System memory in use before: 91.1 MB.
System memory in use after: 90.5 MB.

Unloading 25 unused Assets to reduce memory usage. Loaded Objects now: 2390.
Total: 6.278200 ms (FindLiveObjects: 0.430500 ms CreateObjectMapping: 0.154600 ms MarkObjects: 4.665600 ms  DeleteObjects: 1.024100 ms)

========================================================================
Received Prepare
Registering precompiled user dll's ...
Registered in 0.002058 seconds.
Begin MonoManager ReloadAssembly
Native extension for WindowsStandalone target not found
Native extension for WebGL target not found
Refreshing native plugins compatible for Editor in 0.95 ms, found 1 plugins.
Preloading 0 native plugins for Editor in 0.00 ms.
Invoked RoslynAnalysisRunner static constructor.
RoslynAnalysisRunner will not be running.
RoslynAnalysisRunner has terminated.
Mono: successfully reloaded assembly
- Completed reload, in  1.776 seconds
Platform modules already initialized, skipping
Refreshing native plugins compatible for Editor in 1.01 ms, found 1 plugins.
Preloading 0 native plugins for Editor in 0.00 ms.
Unloading 1806 Unused Serialized files (Serialized files now loaded: 0)
System memory in use before: 91.1 MB.
System memory in use after: 90.6 MB.

Unloading 25 unused Assets to reduce memory usage. Loaded Objects now: 2393.
Total: 6.068600 ms (FindLiveObjects: 0.429900 ms CreateObjectMapping: 0.140400 ms MarkObjects: 4.545700 ms  DeleteObjects: 0.949700 ms)

========================================================================
Received Prepare
Registering precompiled user dll's ...
Registered in 0.001860 seconds.
Begin MonoManager ReloadAssembly
Native extension for WindowsStandalone target not found
Native extension for WebGL target not found
Refreshing native plugins compatible for Editor in 0.63 ms, found 1 plugins.
Preloading 0 native plugins for Editor in 0.00 ms.
Invoked RoslynAnalysisRunner static constructor.
RoslynAnalysisRunner will not be running.
RoslynAnalysisRunner has terminated.
Mono: successfully reloaded assembly
- Completed reload, in  1.710 seconds
Platform modules already initialized, skipping
Refreshing native plugins compatible for Editor in 1.02 ms, found 1 plugins.
Preloading 0 native plugins for Editor in 0.00 ms.
Unloading 1806 Unused Serialized files (Serialized files now loaded: 0)
System memory in use before: 91.2 MB.
System memory in use after: 90.7 MB.

Unloading 25 unused Assets to reduce memory usage. Loaded Objects now: 2396.
Total: 4.156100 ms (FindLiveObjects: 0.325000 ms CreateObjectMapping: 0.113600 ms MarkObjects: 3.135500 ms  DeleteObjects: 0.580000 ms)

========================================================================
Received Import Request.
  Time since last request: 1437.953229 seconds.
  path: Assets/Graphics/Stars/Prefabs/Star1.prefab
  artifactKey: Guid(5b165545a7b140f4f9a61189dafbb453) Importer(815301076,1909f56bfc062723c751e8b465ee728b)
Start importing Assets/Graphics/Stars/Prefabs/Star1.prefab using Guid(5b165545a7b140f4f9a61189dafbb453) Importer(815301076,1909f56bfc062723c751e8b465ee728b)  -> (artifact id: 'bbd592d727717cfe2fd17d97cb3d02b3') in 0.289884 seconds
  Import took 0.297526 seconds .

========================================================================
Received Import Request.
  Time since last request: 2.778760 seconds.
  path: Assets/Graphics/Stars/Prefabs/Star1 1.prefab
  artifactKey: Guid(7d5432acc092550459def30c36dc04ef) Importer(815301076,1909f56bfc062723c751e8b465ee728b)
Start importing Assets/Graphics/Stars/Prefabs/Star1 1.prefab using Guid(7d5432acc092550459def30c36dc04ef) Importer(815301076,1909f56bfc062723c751e8b465ee728b)  -> (artifact id: 'd91faa6f88d9718ecf0768eccc799319') in 0.058465 seconds
  Import took 0.066294 seconds .

========================================================================
Received Import Request.
  Time since last request: 6.800715 seconds.
  path: Assets/Graphics/Stars/Prefabs/Star2.prefab
  artifactKey: Guid(7d5432acc092550459def30c36dc04ef) Importer(815301076,1909f56bfc062723c751e8b465ee728b)
Start importing Assets/Graphics/Stars/Prefabs/Star2.prefab using Guid(7d5432acc092550459def30c36dc04ef) Importer(815301076,1909f56bfc062723c751e8b465ee728b)  -> (artifact id: 'fcc2e34822ff8a7abf252ebc6cd014c4') in 0.062055 seconds
  Import took 0.069053 seconds .

========================================================================
Received Import Request.
  Time since last request: 51.130078 seconds.
  path: Assets/Graphics/Stars/Prefabs/Star2.prefab
  artifactKey: Guid(7d5432acc092550459def30c36dc04ef) Importer(815301076,1909f56bfc062723c751e8b465ee728b)
Start importing Assets/Graphics/Stars/Prefabs/Star2.prefab using Guid(7d5432acc092550459def30c36dc04ef) Importer(815301076,1909f56bfc062723c751e8b465ee728b)  -> (artifact id: '3571444a6d2fc7ab679d566b59e6f755') in 0.047641 seconds
  Import took 0.055189 seconds .

========================================================================
Received Import Request.
  Time since last request: 2.870087 seconds.
  path: Assets/Graphics/Stars/Prefabs/Star2 1.prefab
  artifactKey: Guid(1b17abdcfb8235045a585e07a84a05af) Importer(815301076,1909f56bfc062723c751e8b465ee728b)
Start importing Assets/Graphics/Stars/Prefabs/Star2 1.prefab using Guid(1b17abdcfb8235045a585e07a84a05af) Importer(815301076,1909f56bfc062723c751e8b465ee728b)  -> (artifact id: '1de3754ba1a11af6d02f178d83b84e7b') in 0.054881 seconds
  Import took 0.063078 seconds .

========================================================================
Received Import Request.
  Time since last request: 5.637077 seconds.
  path: Assets/Graphics/Stars/Prefabs/Star3.prefab
  artifactKey: Guid(1b17abdcfb8235045a585e07a84a05af) Importer(815301076,1909f56bfc062723c751e8b465ee728b)
Start importing Assets/Graphics/Stars/Prefabs/Star3.prefab using Guid(1b17abdcfb8235045a585e07a84a05af) Importer(815301076,1909f56bfc062723c751e8b465ee728b)  -> (artifact id: 'e53c23a73854fd39e2210895943f363c') in 0.070636 seconds
  Import took 0.077558 seconds .

========================================================================
Received Import Request.
  Time since last request: 12.781120 seconds.
  path: Assets/Graphics/Stars/Prefabs/Star3.prefab
  artifactKey: Guid(1b17abdcfb8235045a585e07a84a05af) Importer(815301076,1909f56bfc062723c751e8b465ee728b)
Start importing Assets/Graphics/Stars/Prefabs/Star3.prefab using Guid(1b17abdcfb8235045a585e07a84a05af) Importer(815301076,1909f56bfc062723c751e8b465ee728b)  -> (artifact id: '4186b467a5ff0573257d35695d951373') in 0.075650 seconds
  Import took 0.083334 seconds .

========================================================================
Received Prepare
Registering precompiled user dll's ...
Registered in 0.002029 seconds.
Begin MonoManager ReloadAssembly
Native extension for WindowsStandalone target not found
Native extension for WebGL target not found
Refreshing native plugins compatible for Editor in 0.56 ms, found 1 plugins.
Preloading 0 native plugins for Editor in 0.00 ms.
Invoked RoslynAnalysisRunner static constructor.
RoslynAnalysisRunner will not be running.
RoslynAnalysisRunner has terminated.
Mono: successfully reloaded assembly
- Completed reload, in  1.751 seconds
Platform modules already initialized, skipping
Refreshing native plugins compatible for Editor in 0.57 ms, found 1 plugins.
Preloading 0 native plugins for Editor in 0.00 ms.
Unloading 1806 Unused Serialized files (Serialized files now loaded: 0)
System memory in use before: 91.3 MB.
System memory in use after: 90.7 MB.

Unloading 25 unused Assets to reduce memory usage. Loaded Objects now: 2400.
Total: 4.221400 ms (FindLiveObjects: 0.414000 ms CreateObjectMapping: 0.131700 ms MarkObjects: 2.982300 ms  DeleteObjects: 0.691100 ms)

========================================================================
Received Prepare
Registering precompiled user dll's ...
Registered in 0.001538 seconds.
Begin MonoManager ReloadAssembly
Native extension for WindowsStandalone target not found
Native extension for WebGL target not found
Refreshing native plugins compatible for Editor in 1.03 ms, found 1 plugins.
Preloading 0 native plugins for Editor in 0.00 ms.
Invoked RoslynAnalysisRunner static constructor.
RoslynAnalysisRunner will not be running.
RoslynAnalysisRunner has terminated.
Mono: successfully reloaded assembly
- Completed reload, in  2.061 seconds
Platform modules already initialized, skipping
Refreshing native plugins compatible for Editor in 1.39 ms, found 1 plugins.
Preloading 0 native plugins for Editor in 0.00 ms.
Unloading 1806 Unused Serialized files (Serialized files now loaded: 0)
System memory in use before: 91.4 MB.
System memory in use after: 90.8 MB.

Unloading 25 unused Assets to reduce memory usage. Loaded Objects now: 2403.
Total: 4.620800 ms (FindLiveObjects: 0.285500 ms CreateObjectMapping: 0.104700 ms MarkObjects: 3.642600 ms  DeleteObjects: 0.585700 ms)

AssetImportWorkerClient::OnTransportError - code=2 error=End of file
