Using pre-set license
Built from '2020.2/release' branch; Version is '2020.2.1f1 (270dd8c3da1c) revision 2559448'; Using compiler version '192528614'; Build Type 'Release'
OS: 'Windows 10  (10.0.0) 64bit' Language: 'en' Physical Memory: 16302 MB
BatchMode: 1, IsHumanControllingUs: 0, StartBugReporterOnCrash: 0, Is64bit: 1, IsPro: 0

 COMMAND LINE ARGUMENTS:
C:\Program Files\Unity\Hub\Editor\2020.2.1f1\Editor\Unity.exe
-adb2
-batchMode
-noUpm
-name
AssetImportWorker0
-projectPath
D:/GameDevelopment/Project Aeternum
-logFile
Logs/AssetImportWorker0.log
-srvPort
53380
Successfully changed project path to: D:/GameDevelopment/Project Aeternum
D:/GameDevelopment/Project Aeternum
Using Asset Import Pipeline V2.
Refreshing native plugins compatible for Editor in 77.89 ms, found 1 plugins.
Preloading 0 native plugins for Editor in 0.00 ms.
Initialize engine version: 2020.2.1f1 (270dd8c3da1c)
[Subsystems] Discovering subsystems at path C:/Program Files/Unity/Hub/Editor/2020.2.1f1/Editor/Data/Resources/UnitySubsystems
[Subsystems] Discovering subsystems at path D:/GameDevelopment/Project Aeternum/Assets
GfxDevice: creating device client; threaded=0
Direct3D:
    Version:  Direct3D 11.0 [level 11.0]
    Renderer: NVIDIA GeForce GTX 870M (ID=0x1199)
    Vendor:   
    VRAM:     3029 MB
    Driver:   25.21.14.2531
Initialize mono
Mono path[0] = 'C:/Program Files/Unity/Hub/Editor/2020.2.1f1/Editor/Data/Managed'
Mono path[1] = 'C:/Program Files/Unity/Hub/Editor/2020.2.1f1/Editor/Data/MonoBleedingEdge/lib/mono/unityjit'
Mono config path = 'C:/Program Files/Unity/Hub/Editor/2020.2.1f1/Editor/Data/MonoBleedingEdge/etc'
Using monoOptions --debugger-agent=transport=dt_socket,embedding=1,server=y,suspend=n,address=127.0.0.1:56072
Begin MonoManager ReloadAssembly
Registering precompiled unity dll's ...
Register platform support module: C:/Program Files/Unity/Hub/Editor/2020.2.1f1/Editor/Data/PlaybackEngines/WebGLSupport/UnityEditor.WebGL.Extensions.dll
Register platform support module: C:/Program Files/Unity/Hub/Editor/2020.2.1f1/Editor/Data/PlaybackEngines/WindowsStandaloneSupport/UnityEditor.WindowsStandalone.Extensions.dll
Registered in 0.005724 seconds.
Native extension for WindowsStandalone target not found
Native extension for WebGL target not found
Refreshing native plugins compatible for Editor in 89.25 ms, found 1 plugins.
Preloading 0 native plugins for Editor in 0.00 ms.
Invoked RoslynAnalysisRunner static constructor.
RoslynAnalysisRunner will not be running.
RoslynAnalysisRunner has terminated.
Mono: successfully reloaded assembly
- Completed reload, in  3.838 seconds
Platform modules already initialized, skipping
Registering precompiled user dll's ...
Registered in 0.001113 seconds.
Begin MonoManager ReloadAssembly
Native extension for WindowsStandalone target not found
Native extension for WebGL target not found
Refreshing native plugins compatible for Editor in 103.51 ms, found 1 plugins.
Preloading 0 native plugins for Editor in 0.00 ms.
Invoked RoslynAnalysisRunner static constructor.
RoslynAnalysisRunner will not be running.
RoslynAnalysisRunner has terminated.
Mono: successfully reloaded assembly
- Completed reload, in  3.205 seconds
Platform modules already initialized, skipping
========================================================================
Worker process is ready to serve import requests
Launched and connected shader compiler UnityShaderCompiler.exe after 0.06 seconds
Refreshing native plugins compatible for Editor in 0.80 ms, found 1 plugins.
Preloading 0 native plugins for Editor in 0.00 ms.
Unloading 1813 Unused Serialized files (Serialized files now loaded: 0)
System memory in use before: 85.9 MB.
System memory in use after: 85.9 MB.

Unloading 24 unused Assets to reduce memory usage. Loaded Objects now: 2254.
Total: 5.616400 ms (FindLiveObjects: 0.483900 ms CreateObjectMapping: 0.274300 ms MarkObjects: 4.605100 ms  DeleteObjects: 0.251000 ms)

========================================================================
Received Import Request.
  path: Assets/Scripts/Player.cs
  artifactKey: Guid(2a00ee132ab8269449d8204842f0172e) Importer(815301076,1909f56bfc062723c751e8b465ee728b)
Start importing Assets/Scripts/Player.cs using Guid(2a00ee132ab8269449d8204842f0172e) Importer(815301076,1909f56bfc062723c751e8b465ee728b)  -> (artifact id: 'db24426a3feeff4eede4edcadf0003f7') in 0.038587 seconds
  Import took 0.069245 seconds .

========================================================================
Received Prepare
Refreshing native plugins compatible for Editor in 2.94 ms, found 1 plugins.
Preloading 0 native plugins for Editor in 0.00 ms.
Unloading 10 Unused Serialized files (Serialized files now loaded: 0)
System memory in use before: 49.5 MB.
System memory in use after: 49.5 MB.

Unloading 10 unused Assets to reduce memory usage. Loaded Objects now: 2254.
Total: 4.009700 ms (FindLiveObjects: 0.383600 ms CreateObjectMapping: 0.142500 ms MarkObjects: 3.322700 ms  DeleteObjects: 0.158000 ms)

========================================================================
Received Prepare
Registering precompiled user dll's ...
Registered in 0.001710 seconds.
Begin MonoManager ReloadAssembly
Native extension for WindowsStandalone target not found
Native extension for WebGL target not found
Refreshing native plugins compatible for Editor in 1.06 ms, found 1 plugins.
Preloading 0 native plugins for Editor in 0.00 ms.
Invoked RoslynAnalysisRunner static constructor.
RoslynAnalysisRunner will not be running.
RoslynAnalysisRunner has terminated.
Mono: successfully reloaded assembly
- Completed reload, in  1.866 seconds
Platform modules already initialized, skipping
Refreshing native plugins compatible for Editor in 0.63 ms, found 1 plugins.
Preloading 0 native plugins for Editor in 0.00 ms.
Unloading 1795 Unused Serialized files (Serialized files now loaded: 0)
System memory in use before: 85.2 MB.
System memory in use after: 85.2 MB.

Unloading 13 unused Assets to reduce memory usage. Loaded Objects now: 2257.
Total: 5.117200 ms (FindLiveObjects: 0.297500 ms CreateObjectMapping: 0.139300 ms MarkObjects: 4.457800 ms  DeleteObjects: 0.218900 ms)

========================================================================
Received Import Request.
  Time since last request: 566.996165 seconds.
  path: Assets/Scripts/Data/Economy.cs
  artifactKey: Guid(e5446ac0b21f44b40a64c241458e439b) Importer(815301076,1909f56bfc062723c751e8b465ee728b)
Start importing Assets/Scripts/Data/Economy.cs using Guid(e5446ac0b21f44b40a64c241458e439b) Importer(815301076,1909f56bfc062723c751e8b465ee728b)  -> (artifact id: '3e7ea577e427fd494d5c4886abd03de8') in 0.008085 seconds
  Import took 0.035016 seconds .

========================================================================
Received Import Request.
  Time since last request: 0.002551 seconds.
  path: Assets/Scripts/Data/Economy.cs
  artifactKey: Guid(e5446ac0b21f44b40a64c241458e439b) Importer(815301076,1909f56bfc062723c751e8b465ee728b)
Start importing Assets/Scripts/Data/Economy.cs using Guid(e5446ac0b21f44b40a64c241458e439b) Importer(815301076,1909f56bfc062723c751e8b465ee728b)  -> (artifact id: '3e7ea577e427fd494d5c4886abd03de8') in 0.001829 seconds
  Import took 0.007284 seconds .

========================================================================
Received Import Request.
  Time since last request: 1.264131 seconds.
  path: Assets/Scripts/Data/Config.cs
  artifactKey: Guid(113d46e36d0142448b6b3390664aa756) Importer(815301076,1909f56bfc062723c751e8b465ee728b)
Start importing Assets/Scripts/Data/Config.cs using Guid(113d46e36d0142448b6b3390664aa756) Importer(815301076,1909f56bfc062723c751e8b465ee728b)  -> (artifact id: '460cc8d8c69a26f8b4aa2e392e7b1452') in 0.002480 seconds
  Import took 0.037356 seconds .

========================================================================
Received Import Request.
  Time since last request: 0.027774 seconds.
  path: Assets/Scripts/Data/Config.cs
  artifactKey: Guid(113d46e36d0142448b6b3390664aa756) Importer(815301076,1909f56bfc062723c751e8b465ee728b)
Start importing Assets/Scripts/Data/Config.cs using Guid(113d46e36d0142448b6b3390664aa756) Importer(815301076,1909f56bfc062723c751e8b465ee728b)  -> (artifact id: '460cc8d8c69a26f8b4aa2e392e7b1452') in 0.002614 seconds
  Import took 0.009645 seconds .

========================================================================
Received Import Request.
  Time since last request: 2.115988 seconds.
  path: Assets/Scripts/Data/Galaxy.cs
  artifactKey: Guid(b455d0b9bef9054429c8f534d9a274ba) Importer(815301076,1909f56bfc062723c751e8b465ee728b)
Start importing Assets/Scripts/Data/Galaxy.cs using Guid(b455d0b9bef9054429c8f534d9a274ba) Importer(815301076,1909f56bfc062723c751e8b465ee728b)  -> (artifact id: '5b3dd448b0dad4476dd345c268c19cf1') in 0.019793 seconds
  Import took 0.043861 seconds .

========================================================================
Received Import Request.
  Time since last request: 1.817247 seconds.
  path: Assets/Scripts/Data/Planet.cs
  artifactKey: Guid(3bbdc5cc8b4f1f347831c55d5cc416bd) Importer(815301076,1909f56bfc062723c751e8b465ee728b)
Start importing Assets/Scripts/Data/Planet.cs using Guid(3bbdc5cc8b4f1f347831c55d5cc416bd) Importer(815301076,1909f56bfc062723c751e8b465ee728b)  -> (artifact id: '7294bf20b200ec8ea321d5f9a684b7b9') in 0.027475 seconds
  Import took 0.050797 seconds .

========================================================================
Received Import Request.
  Time since last request: 0.747808 seconds.
  path: Assets/Scripts/Data/StarSystem.cs
  artifactKey: Guid(8ebd78a6a16e3554ea99969b75ffa566) Importer(815301076,1909f56bfc062723c751e8b465ee728b)
Start importing Assets/Scripts/Data/StarSystem.cs using Guid(8ebd78a6a16e3554ea99969b75ffa566) Importer(815301076,1909f56bfc062723c751e8b465ee728b)  -> (artifact id: '5d6528228d6b4b6dae79d25c41db03cf') in 0.002864 seconds
  Import took 0.043517 seconds .

========================================================================
Received Import Request.
  Time since last request: 0.001028 seconds.
  path: Assets/Scripts/Data/StarSystem.cs
  artifactKey: Guid(8ebd78a6a16e3554ea99969b75ffa566) Importer(815301076,1909f56bfc062723c751e8b465ee728b)
Start importing Assets/Scripts/Data/StarSystem.cs using Guid(8ebd78a6a16e3554ea99969b75ffa566) Importer(815301076,1909f56bfc062723c751e8b465ee728b)  -> (artifact id: '5d6528228d6b4b6dae79d25c41db03cf') in 0.002149 seconds
  Import took 0.008990 seconds .

========================================================================
Received Import Request.
  Time since last request: 1.275991 seconds.
  path: Assets/Scripts/Data/Building.cs
  artifactKey: Guid(2cef3514c46111c429120ca03a8c6ab4) Importer(815301076,1909f56bfc062723c751e8b465ee728b)
Start importing Assets/Scripts/Data/Building.cs using Guid(2cef3514c46111c429120ca03a8c6ab4) Importer(815301076,1909f56bfc062723c751e8b465ee728b)  -> (artifact id: '5895e5ce88af1a90938bc3b556385dd7') in 0.002484 seconds
  Import took 0.058679 seconds .

